<?xml version="1.0" encoding="UTF-8"?>
<testsuite xmlns:xsi="http://www.w3.org/2001/XMLSchema-instance" xsi:noNamespaceSchemaLocation="https://maven.apache.org/surefire/maven-surefire-plugin/xsd/surefire-test-report.xsd" name="com.cts.tweetapp.util.OtherTests" time="0.027" tests="3" errors="0" skipped="0" failures="0">
  <properties>
[...]
</properties>
  <testcase name="exceptionBeansTest" classname="com.cts.tweetapp.util.OtherTests" time="0"/>
  <testcase name="handleBeanRelatedScenarios" classname="com.cts.tweetapp.util.OtherTests" time="0.002"/>
  <testcase name="tweetUtilsTest" classname="com.cts.tweetapp.util.OtherTests" time="0.025"/>
</testsuite>